# JRE version: Java(TM) SE Runtime Environment (20.0.1+9) (build 20.0.1+9-29)
# Java VM: Java HotSpot(TM) 64-Bit Server VM (20.0.1+9-29, mixed mode, sharing, tiered, compressed oops, compressed class ptrs, g1 gc, windows-amd64)
GC Precious Log:
 CardTable entry size: 512
 Card Set container configuration: InlinePtr #cards 5 size 8 Array Of Cards #cards 12 size 40 Howl #buckets 4 coarsen threshold 1843 Howl Bitmap #cards 512 size 80 coarsen threshold 460 Card regions per heap region 1 cards per card region 2048
 CPUs: 4 total, 4 available
 Memory: 3460M
 Large Page Support: Disabled
 NUMA Support: Disabled
 Compressed Oops: Enabled (32-bit)
 Heap Region Size: 1M
 Heap Min Capacity: 8M
 Heap Initial Capacity: 56M
 Heap Max Capacity: 866M
 Pre-touch: Disabled
 Parallel Workers: 4
 Concurrent Workers: 1
 Concurrent Refinement Workers: 4
 Periodic GC: Disabled
Heap:
 garbage-first heap   total 68608K, used 41969K [0x00000000c9e00000, 0x0000000100000000)
  region size 1024K, 7 young (7168K), 2 survivors (2048K)
 Metaspace       used 79606K, committed 80512K, reserved 1179648K
  class space    used 10633K, committed 11072K, reserved 1048576K
GC Heap History (20 events):
Event: 67.629 GC heap before
{Heap before GC invocations=11 (full 0):
 garbage-first heap   total 55296K, used 44652K [0x00000000c9e00000, 0x0000000100000000)
  region size 1024K, 23 young (23552K), 1 survivors (1024K)
 Metaspace       used 41402K, committed 41984K, reserved 1114112K
  class space    used 5476K, committed 5760K, reserved 1048576K
}
Event: 67.635 GC heap after
{Heap after GC invocations=12 (full 0):
 garbage-first heap   total 55296K, used 24243K [0x00000000c9e00000, 0x0000000100000000)
  region size 1024K, 3 young (3072K), 3 survivors (3072K)
 Metaspace       used 41402K, committed 41984K, reserved 1114112K
  class space    used 5476K, committed 5760K, reserved 1048576K
}
Event: 110.816 GC heap before
{Heap before GC invocations=12 (full 0):
 garbage-first heap   total 55296K, used 45747K [0x00000000c9e00000, 0x0000000100000000)
  region size 1024K, 24 young (24576K), 3 survivors (3072K)
 Metaspace       used 49344K, committed 49984K, reserved 1114112K
  class space    used 6413K, committed 6720K, reserved 1048576K
}
Event: 110.947 GC heap after
{Heap after GC invocations=13 (full 0):
 garbage-first heap   total 55296K, used 25811K [0x00000000c9e00000, 0x0000000100000000)
  region size 1024K, 3 young (3072K), 3 survivors (3072K)
 Metaspace       used 49344K, committed 49984K, reserved 1114112K
  class space    used 6413K, committed 6720K, reserved 1048576K
}
Event: 115.740 GC heap before
{Heap before GC invocations=13 (full 0):
 garbage-first heap   total 55296K, used 46291K [0x00000000c9e00000, 0x0000000100000000)
  region size 1024K, 24 young (24576K), 3 survivors (3072K)
 Metaspace       used 54525K, committed 55168K, reserved 1114112K
  class space    used 7039K, committed 7360K, reserved 1048576K
}
Event: 115.755 GC heap after
{Heap after GC invocations=14 (full 0):
 garbage-first heap   total 55296K, used 27453K [0x00000000c9e00000, 0x0000000100000000)
  region size 1024K, 2 young (2048K), 2 survivors (2048K)
 Metaspace       used 54525K, committed 55168K, reserved 1114112K
  class space    used 7039K, committed 7360K, reserved 1048576K
}
Event: 116.983 GC heap before
{Heap before GC invocations=14 (full 0):
 garbage-first heap   total 55296K, used 41789K [0x00000000c9e00000, 0x0000000100000000)
  region size 1024K, 17 young (17408K), 2 survivors (2048K)
 Metaspace       used 59848K, committed 60416K, reserved 1114112K
  class space    used 7915K, committed 8192K, reserved 1048576K
}
Event: 116.993 GC heap after
{Heap after GC invocations=15 (full 0):
 garbage-first heap   total 55296K, used 27876K [0x00000000c9e00000, 0x0000000100000000)
  region size 1024K, 2 young (2048K), 2 survivors (2048K)
 Metaspace       used 59848K, committed 60416K, reserved 1114112K
  class space    used 7915K, committed 8192K, reserved 1048576K
}
Event: 118.467 GC heap before
{Heap before GC invocations=16 (full 0):
 garbage-first heap   total 55296K, used 48356K [0x00000000c9e00000, 0x0000000100000000)
  region size 1024K, 22 young (22528K), 2 survivors (2048K)
 Metaspace       used 63771K, committed 64512K, reserved 1114112K
  class space    used 8547K, committed 8896K, reserved 1048576K
}
Event: 118.477 GC heap after
{Heap after GC invocations=17 (full 0):
 garbage-first heap   total 55296K, used 28795K [0x00000000c9e00000, 0x0000000100000000)
  region size 1024K, 2 young (2048K), 2 survivors (2048K)
 Metaspace       used 63771K, committed 64512K, reserved 1114112K
  class space    used 8547K, committed 8896K, reserved 1048576K
}
Event: 122.099 GC heap before
{Heap before GC invocations=17 (full 0):
 garbage-first heap   total 55296K, used 48251K [0x00000000c9e00000, 0x0000000100000000)
  region size 1024K, 21 young (21504K), 2 survivors (2048K)
 Metaspace       used 67497K, committed 68224K, reserved 1114112K
  class space    used 9012K, committed 9344K, reserved 1048576K
}
Event: 122.111 GC heap after
{Heap after GC invocations=18 (full 0):
 garbage-first heap   total 55296K, used 30338K [0x00000000c9e00000, 0x0000000100000000)
  region size 1024K, 3 young (3072K), 3 survivors (3072K)
 Metaspace       used 67497K, committed 68224K, reserved 1114112K
  class space    used 9012K, committed 9344K, reserved 1048576K
}
Event: 123.985 GC heap before
{Heap before GC invocations=18 (full 0):
 garbage-first heap   total 55296K, used 46722K [0x00000000c9e00000, 0x0000000100000000)
  region size 1024K, 20 young (20480K), 3 survivors (3072K)
 Metaspace       used 70330K, committed 71040K, reserved 1114112K
  class space    used 9403K, committed 9728K, reserved 1048576K
}
Event: 124.003 GC heap after
{Heap after GC invocations=19 (full 0):
 garbage-first heap   total 55296K, used 32814K [0x00000000c9e00000, 0x0000000100000000)
  region size 1024K, 3 young (3072K), 3 survivors (3072K)
 Metaspace       used 70330K, committed 71040K, reserved 1114112K
  class space    used 9403K, committed 9728K, reserved 1048576K
}
Event: 126.113 GC heap before
{Heap before GC invocations=20 (full 0):
 garbage-first heap   total 58368K, used 47150K [0x00000000c9e00000, 0x0000000100000000)
  region size 1024K, 17 young (17408K), 3 survivors (3072K)
 Metaspace       used 72705K, committed 73472K, reserved 1114112K
  class space    used 9745K, committed 10112K, reserved 1048576K
}
Event: 126.123 GC heap after
{Heap after GC invocations=21 (full 0):
 garbage-first heap   total 58368K, used 34510K [0x00000000c9e00000, 0x0000000100000000)
  region size 1024K, 2 young (2048K), 2 survivors (2048K)
 Metaspace       used 72705K, committed 73472K, reserved 1114112K
  class space    used 9745K, committed 10112K, reserved 1048576K
}
Event: 182.981 GC heap before
{Heap before GC invocations=21 (full 0):
 garbage-first heap   total 58368K, used 50894K [0x00000000c9e00000, 0x0000000100000000)
  region size 1024K, 19 young (19456K), 2 survivors (2048K)
 Metaspace       used 74918K, committed 75776K, reserved 1114112K
  class space    used 10053K, committed 10432K, reserved 1048576K
}
Event: 183.166 GC heap after
{Heap after GC invocations=22 (full 0):
 garbage-first heap   total 58368K, used 36372K [0x00000000c9e00000, 0x0000000100000000)
  region size 1024K, 3 young (3072K), 3 survivors (3072K)
 Metaspace       used 74918K, committed 75776K, reserved 1114112K
  class space    used 10053K, committed 10432K, reserved 1048576K
}
Event: 374.808 GC heap before
{Heap before GC invocations=22 (full 0):
 garbage-first heap   total 58368K, used 48660K [0x00000000c9e00000, 0x0000000100000000)
  region size 1024K, 16 young (16384K), 3 survivors (3072K)
 Metaspace       used 78850K, committed 79680K, reserved 1179648K
  class space    used 10537K, committed 10880K, reserved 1048576K
}
Event: 374.861 GC heap after
{Heap after GC invocations=23 (full 0):
 garbage-first heap   total 58368K, used 37873K [0x00000000c9e00000, 0x0000000100000000)
  region size 1024K, 2 young (2048K), 2 survivors (2048K)
 Metaspace       used 78850K, committed 79680K, reserved 1179648K
  class space    used 10537K, committed 10880K, reserved 1048576K
}

